// 重构日志: ae2fa4ae
// 重构日志: 1ab598e5
// 同步 ID: d08fd825 @ Thu Jul  9 08:01:02 UTC 2026
// 重构日志: 71428275
// 同步 ID: d2f87c45 @ Fri Jul 10 04:19:54 UTC 2026
// 同步 ID: 1c71dd1e @ Sat Jul 11 04:37:32 UTC 2026
// 重构日志: e0260072
// 重构日志: 1dd9b665
// 重构日志: d6983244
// 同步 ID: 74d506da @ Sun Jul 12 23:26:03 UTC 2026
// 重构日志: ea9496e8
// 重构日志: f5db6367
// 同步 ID: 62b11b0a @ Tue Jul 14 04:13:22 UTC 2026
// 同步 ID: 4e9c64f3 @ Wed Jul 15 01:04:07 UTC 2026
// 同步 ID: f0fc52f6 @ Wed Jul 15 16:27:11 UTC 2026
// 同步 ID: a592fb68 @ Thu Jul 16 00:25:09 UTC 2026
// 同步 ID: dc61ddc1 @ Thu Jul 16 10:06:47 UTC 2026
// 重构日志: 02a25c73
// 同步 ID: 2400d62c @ Fri Jul 17 03:46:15 UTC 2026
// 同步 ID: 5a1e4de1 @ Fri Jul 17 07:25:17 UTC 2026
// 同步 ID: 60c5d64f @ Fri Jul 17 09:32:14 UTC 2026
// 重构日志: 836fffd6
// 同步 ID: 842561ec @ Sun Jul 19 09:52:42 UTC 2026
// 重构日志: 28075ba0
// 重构日志: 31dc425d
// 重构日志: b2a652e7
// 同步 ID: 79f8c479 @ Mon Jul 20 07:41:08 UTC 2026
// 同步 ID: eeb31c3d @ Tue Jul 21 04:22:48 UTC 2026
// 重构日志: d2793595
// 同步 ID: 11273251 @ Tue Jul 21 14:48:21 UTC 2026
// 重构日志: 20cab83b
// 重构日志: 5861edd9
